Using pre-set license
Built from 'HEAD' branch; Version is '2021.3.13f1c1 (07291ec823bf) revision 469278'; Using compiler version '192829333'; Build Type 'Release'
OS: 'Windows 11  (10.0.22000) 64bit CoreCountrySpecific' Language: 'zh' Physical Memory: 16108 MB
BatchMode: 1, IsHumanControllingUs: 0, StartBugReporterOnCrash: 0, Is64bit: 1, IsPro: 1

COMMAND LINE ARGUMENTS:
E:\unity\2021.3.13f1c1\Editor\Unity.exe
-adb2
-batchMode
-noUpm
-name
AssetImportWorker0
-projectPath
F:/AISoccer
-logFile
Logs/AssetImportWorker0.log
-srvPort
59860
Successfully changed project path to: F:/AISoccer
F:/AISoccer
[UnityMemory] Configuration Parameters - Can be set up in boot.config
    "memorysetup-bucket-allocator-granularity=16"
    "memorysetup-bucket-allocator-bucket-count=8"
    "memorysetup-bucket-allocator-block-size=33554432"
    "memorysetup-bucket-allocator-block-count=8"
    "memorysetup-main-allocator-block-size=16777216"
    "memorysetup-thread-allocator-block-size=16777216"
    "memorysetup-gfx-main-allocator-block-size=16777216"
    "memorysetup-gfx-thread-allocator-block-size=16777216"
    "memorysetup-cache-allocator-block-size=4194304"
    "memorysetup-typetree-allocator-block-size=2097152"
    "memorysetup-profiler-bucket-allocator-granularity=16"
    "memorysetup-profiler-bucket-allocator-bucket-count=8"
    "memorysetup-profiler-bucket-allocator-block-size=33554432"
    "memorysetup-profiler-bucket-allocator-block-count=8"
    "memorysetup-profiler-allocator-block-size=16777216"
    "memorysetup-profiler-editor-allocator-block-size=1048576"
    "memorysetup-temp-allocator-size-main=16777216"
    "memorysetup-job-temp-allocator-block-size=2097152"
    "memorysetup-job-temp-allocator-block-size-background=1048576"
    "memorysetup-job-temp-allocator-reduction-small-platforms=262144"
    "memorysetup-temp-allocator-size-background-worker=32768"
    "memorysetup-temp-allocator-size-job-worker=262144"
    "memorysetup-temp-allocator-size-preload-manager=33554432"
    "memorysetup-temp-allocator-size-nav-mesh-worker=65536"
    "memorysetup-temp-allocator-size-audio-worker=65536"
    "memorysetup-temp-allocator-size-cloud-worker=32768"
    "memorysetup-temp-allocator-size-gi-baking-worker=262144"
    "memorysetup-temp-allocator-size-gfx=262144"
AS: AutoStreaming module initializing.
Refreshing native plugins compatible for Editor in 164.00 ms, found 4 plugins.
Preloading 0 native plugins for Editor in 0.00 ms.
Initialize engine version: 2021.3.13f1c1 (07291ec823bf)
[Subsystems] Discovering subsystems at path E:/unity/2021.3.13f1c1/Editor/Data/Resources/UnitySubsystems
[Subsystems] Discovering subsystems at path F:/AISoccer/Assets
GfxDevice: creating device client; threaded=0; jobified=0
Direct3D:
    Version:  Direct3D 11.0 [level 11.1]
    Renderer: NVIDIA GeForce RTX 3070 Ti Laptop GPU (ID=0x24e0)
    Vendor:   NVIDIA
    VRAM:     8043 MB
    Driver:   31.0.15.1700
Initialize mono
Mono path[0] = 'E:/unity/2021.3.13f1c1/Editor/Data/Managed'
Mono path[1] = 'E:/unity/2021.3.13f1c1/Editor/Data/MonoBleedingEdge/lib/mono/unityjit-win32'
Mono config path = 'E:/unity/2021.3.13f1c1/Editor/Data/MonoBleedingEdge/etc'
Using monoOptions --debugger-agent=transport=dt_socket,embedding=1,server=y,suspend=n,address=127.0.0.1:56232
Begin MonoManager ReloadAssembly
Registering precompiled unity dll's ...
Register platform support module: E:/unity/2021.3.13f1c1/Editor/Data/PlaybackEngines/WindowsStandaloneSupport/UnityEditor.WindowsStandalone.Extensions.dll
Registered in 0.002418 seconds.
Native extension for WindowsStandalone target not found
Refreshing native plugins compatible for Editor in 54.72 ms, found 4 plugins.
Preloading 0 native plugins for Editor in 0.00 ms.
Mono: successfully reloaded assembly
- Completed reload, in  0.495 seconds
Domain Reload Profiling:
	ReloadAssembly (496ms)
		BeginReloadAssembly (96ms)
			ExecutionOrderSort (0ms)
			DisableScriptedObjects (0ms)
			BackupInstance (0ms)
			ReleaseScriptingObjects (0ms)
			CreateAndSetChildDomain (1ms)
		EndReloadAssembly (322ms)
			LoadAssemblies (94ms)
			RebuildTransferFunctionScriptingTraits (0ms)
			SetupTypeCache (76ms)
			ReleaseScriptCaches (0ms)
			RebuildScriptCaches (20ms)
			SetupLoadedEditorAssemblies (189ms)
				LogAssemblyErrors (0ms)
				InitializePlatformSupportModulesInManaged (15ms)
				SetLoadedEditorAssemblies (0ms)
				RefreshPlugins (55ms)
				BeforeProcessingInitializeOnLoad (1ms)
				ProcessInitializeOnLoadAttributes (86ms)
				ProcessInitializeOnLoadMethodAttributes (32ms)
				AfterProcessingInitializeOnLoad (0ms)
				EditorAssembliesLoaded (0ms)
			ExecutionOrderSort2 (0ms)
			AwakeInstancesAfterBackupRestoration (0ms)
Platform modules already initialized, skipping
Registering precompiled user dll's ...
Registered in 0.019857 seconds.
Begin MonoManager ReloadAssembly
Symbol file LoadedFromMemory doesn't match image F:\AISoccer\Library\PackageCache\com.unity.visualscripting@1.7.8\Editor\VisualScripting.Core\Dependencies\YamlDotNet\Unity.VisualScripting.YamlDotNet.dll
Symbol file LoadedFromMemory doesn't match image F:\AISoccer\Library\PackageCache\com.unity.visualscripting@1.7.8\Editor\VisualScripting.Core\Dependencies\DotNetZip\Unity.VisualScripting.IonicZip.dll
Native extension for WindowsStandalone target not found
Refreshing native plugins compatible for Editor in 59.52 ms, found 4 plugins.
Preloading 0 native plugins for Editor in 0.00 ms.
Mono: successfully reloaded assembly
- Completed reload, in  0.888 seconds
Domain Reload Profiling:
	ReloadAssembly (889ms)
		BeginReloadAssembly (78ms)
			ExecutionOrderSort (0ms)
			DisableScriptedObjects (4ms)
			BackupInstance (0ms)
			ReleaseScriptingObjects (0ms)
			CreateAndSetChildDomain (16ms)
		EndReloadAssembly (725ms)
			LoadAssemblies (120ms)
			RebuildTransferFunctionScriptingTraits (0ms)
			SetupTypeCache (199ms)
			ReleaseScriptCaches (0ms)
			RebuildScriptCaches (38ms)
			SetupLoadedEditorAssemblies (334ms)
				LogAssemblyErrors (0ms)
				InitializePlatformSupportModulesInManaged (2ms)
				SetLoadedEditorAssemblies (0ms)
				RefreshPlugins (60ms)
				BeforeProcessingInitializeOnLoad (68ms)
				ProcessInitializeOnLoadAttributes (176ms)
				ProcessInitializeOnLoadMethodAttributes (23ms)
				AfterProcessingInitializeOnLoad (5ms)
				EditorAssembliesLoaded (0ms)
			ExecutionOrderSort2 (0ms)
			AwakeInstancesAfterBackupRestoration (5ms)
Platform modules already initialized, skipping
========================================================================
Worker process is ready to serve import requests
Launched and connected shader compiler UnityShaderCompiler.exe after 0.05 seconds
Refreshing native plugins compatible for Editor in 0.55 ms, found 4 plugins.
Preloading 0 native plugins for Editor in 0.00 ms.
Unloading 3988 Unused Serialized files (Serialized files now loaded: 0)
Unloading 67 unused Assets / (21.1 MB). Loaded Objects now: 4408.
Memory consumption went from 190.8 MB to 169.7 MB.
Total: 4.485000 ms (FindLiveObjects: 0.205100 ms CreateObjectMapping: 0.111500 ms MarkObjects: 2.178200 ms  DeleteObjects: 1.989200 ms)

AssetImportParameters requested are different than current active one (requested -> active):
  custom:video-decoder-ogg-theora: a1e56fd34408186e4bbccfd4996cb3dc -> 
  custom:container-muxer-webm: aa71ff27fc2769a1b78a27578f13a17b -> 
  custom:container-demuxer-webm: 4f35f7cbe854078d1ac9338744f61a02 -> 
  custom:video-encoder-webm-vp8: eb34c28f22e8b96e1ab97ce403110664 -> 
  custom:video-codec-MediaFoundation-h265: 746d11721c4dcdbdad8f713fa42b33f4 -> 
  custom:audio-encoder-webm-vorbis: bf7c407c2cedff20999df2af8eb42d56 -> 
  custom:framework-win-MediaFoundation: 216162199b28c13a410421893ffa2e32 -> 
  custom:container-demuxer-ogg: 62fdf1f143b41e24485cea50d1cbac27 -> 
  custom:video-decoder-webm-vp8: 9c59270c3fd7afecdb556c50c9e8de78 -> 
  custom:audio-decoder-ogg-vorbis: bf7c407c2cedff20999df2af8eb42d56 -> 
========================================================================
Received Import Request.
  Time since last request: 178488.944379 seconds.
  path: Assets/Meshes
  artifactKey: Guid(c9ce7952d4c4380478cc4f4a7f414ce8) Importer(815301076,1909f56bfc062723c751e8b465ee728b)
Start importing Assets/Meshes using Guid(c9ce7952d4c4380478cc4f4a7f414ce8) Importer(815301076,1909f56bfc062723c751e8b465ee728b)  -> (artifact id: '0507ff0331bd33520474116d74cb49a0') in 0.010286 seconds 
========================================================================
Received Import Request.
  Time since last request: 7.204026 seconds.
  path: Assets/Materials
  artifactKey: Guid(02713f3c0ea786641b66396e33884b63) Importer(815301076,1909f56bfc062723c751e8b465ee728b)
Start importing Assets/Materials using Guid(02713f3c0ea786641b66396e33884b63) Importer(815301076,1909f56bfc062723c751e8b465ee728b)  -> (artifact id: '25bc52e67d336228f0467c0f7038fa3a') in 0.002142 seconds 
========================================================================
Received Import Request.
  Time since last request: 6.898581 seconds.
  path: Assets/Prefabs
  artifactKey: Guid(55309c67bb82dd447ab4fd961df2a1d3) Importer(815301076,1909f56bfc062723c751e8b465ee728b)
Start importing Assets/Prefabs using Guid(55309c67bb82dd447ab4fd961df2a1d3) Importer(815301076,1909f56bfc062723c751e8b465ee728b)  -> (artifact id: 'ae08e590f02bee443d01cb84075f668d') in 0.001839 seconds 
========================================================================
Received Import Request.
  Time since last request: 8.093339 seconds.
  path: Assets/Scripts
  artifactKey: Guid(d1a46ceaa2fa86d4fb063f0132afd879) Importer(815301076,1909f56bfc062723c751e8b465ee728b)
Start importing Assets/Scripts using Guid(d1a46ceaa2fa86d4fb063f0132afd879) Importer(815301076,1909f56bfc062723c751e8b465ee728b)  -> (artifact id: '4a057043d8e3194166a4e863916c12a9') in 0.001772 seconds 
========================================================================
Received Import Request.
  Time since last request: 17.326749 seconds.
  path: Assets/TFModels
  artifactKey: Guid(081a086015a4e144488f237b0cc13122) Importer(815301076,1909f56bfc062723c751e8b465ee728b)
Start importing Assets/TFModels using Guid(081a086015a4e144488f237b0cc13122) Importer(815301076,1909f56bfc062723c751e8b465ee728b)  -> (artifact id: 'f971c636510939820a33e727522ef31e') in 0.002017 seconds 
========================================================================
Received Import Request.
  Time since last request: 11.978062 seconds.
  path: Assets/Scenes
  artifactKey: Guid(6ea315d0fd7389c41b19996891e99ae3) Importer(815301076,1909f56bfc062723c751e8b465ee728b)
Start importing Assets/Scenes using Guid(6ea315d0fd7389c41b19996891e99ae3) Importer(815301076,1909f56bfc062723c751e8b465ee728b)  -> (artifact id: 'b8193726cff86800c54781cdc6d54904') in 0.018097 seconds 
========================================================================
Received Import Request.
  Time since last request: 64.311973 seconds.
  path: Assets/Meshes/Ball.fbx
  artifactKey: Guid(e2fb9fe618b7ce842969bf50e6fed4e8) Importer(815301076,1909f56bfc062723c751e8b465ee728b)
Start importing Assets/Meshes/Ball.fbx using Guid(e2fb9fe618b7ce842969bf50e6fed4e8) Importer(815301076,1909f56bfc062723c751e8b465ee728b)  -> (artifact id: 'b11930326a718389dba1aa4f50e109fd') in 0.300835 seconds 
========================================================================
Received Import Request.
  Time since last request: 31.145950 seconds.
  path: Assets/Materials/bg.jpg
  artifactKey: Guid(b3677831615a0ca498642e0be198aa3a) Importer(815301076,1909f56bfc062723c751e8b465ee728b)
Start importing Assets/Materials/bg.jpg using Guid(b3677831615a0ca498642e0be198aa3a) Importer(815301076,1909f56bfc062723c751e8b465ee728b)  -> (artifact id: 'a799ba04341574182f30dca4e81d260d') in 0.028643 seconds 
========================================================================
Received Import Request.
  Time since last request: 1033.171988 seconds.
  path: Assets/Prefabs/playground.prefab
  artifactKey: Guid(95f6a65af98df8b45a0e9b6354885ca4) Importer(815301076,1909f56bfc062723c751e8b465ee728b)
Start importing Assets/Prefabs/playground.prefab using Guid(95f6a65af98df8b45a0e9b6354885ca4) Importer(815301076,1909f56bfc062723c751e8b465ee728b)  -> (artifact id: '765b6943eb4d7550045b1f3e386cf2c9') in 0.077796 seconds 
========================================================================
Received Import Request.
  Time since last request: 48.709492 seconds.
  path: Assets/Scenes/SampleScene.unity
  artifactKey: Guid(9fc0d4010bbf28b4594072e72b8655ab) Importer(815301076,1909f56bfc062723c751e8b465ee728b)
Start importing Assets/Scenes/SampleScene.unity using Guid(9fc0d4010bbf28b4594072e72b8655ab) Importer(815301076,1909f56bfc062723c751e8b465ee728b)  -> (artifact id: 'a7a436ff26e980ce076f1594201cc700') in 0.001832 seconds 
========================================================================
Received Import Request.
  Time since last request: 57.503425 seconds.
  path: Assets/Prefabs/playground.prefab
  artifactKey: Guid(95f6a65af98df8b45a0e9b6354885ca4) Importer(815301076,1909f56bfc062723c751e8b465ee728b)
Start importing Assets/Prefabs/playground.prefab using Guid(95f6a65af98df8b45a0e9b6354885ca4) Importer(815301076,1909f56bfc062723c751e8b465ee728b)  -> (artifact id: '7b670cddbb38e895e39a427889a5d806') in 0.014507 seconds 
========================================================================
Received Import Request.
  Time since last request: 6.017945 seconds.
  path: Assets/Prefabs/playground.prefab
  artifactKey: Guid(95f6a65af98df8b45a0e9b6354885ca4) Importer(815301076,1909f56bfc062723c751e8b465ee728b)
Start importing Assets/Prefabs/playground.prefab using Guid(95f6a65af98df8b45a0e9b6354885ca4) Importer(815301076,1909f56bfc062723c751e8b465ee728b)  -> (artifact id: '3ec8b28bde4b8adb0f73b9689a19f157') in 0.009876 seconds 
========================================================================
Received Import Request.
  Time since last request: 7.020241 seconds.
  path: Assets/Prefabs/playground.prefab
  artifactKey: Guid(95f6a65af98df8b45a0e9b6354885ca4) Importer(815301076,1909f56bfc062723c751e8b465ee728b)
Start importing Assets/Prefabs/playground.prefab using Guid(95f6a65af98df8b45a0e9b6354885ca4) Importer(815301076,1909f56bfc062723c751e8b465ee728b)  -> (artifact id: '63968d609732c1d121b3c0708803d55b') in 0.014218 seconds 
========================================================================
Received Import Request.
  Time since last request: 3.129708 seconds.
  path: Assets/Scenes/SampleScene.unity
  artifactKey: Guid(9fc0d4010bbf28b4594072e72b8655ab) Importer(815301076,1909f56bfc062723c751e8b465ee728b)
Start importing Assets/Scenes/SampleScene.unity using Guid(9fc0d4010bbf28b4594072e72b8655ab) Importer(815301076,1909f56bfc062723c751e8b465ee728b)  -> (artifact id: '97e0d067216370580487c0163edd533a') in 0.001682 seconds 
========================================================================
Received Import Request.
  Time since last request: 154.558720 seconds.
  path: Assets/Prefabs/AgentCube_Blue.prefab
  artifactKey: Guid(293a815da0d20de43a18a2fa8821c836) Importer(815301076,1909f56bfc062723c751e8b465ee728b)
Start importing Assets/Prefabs/AgentCube_Blue.prefab using Guid(293a815da0d20de43a18a2fa8821c836) Importer(815301076,1909f56bfc062723c751e8b465ee728b)  -> (artifact id: 'f441b160c744f13eddafb76139e380de') in 0.010976 seconds 
========================================================================
Received Import Request.
  Time since last request: 8.519964 seconds.
  path: Assets/Materials/yield.mat
  artifactKey: Guid(2ed36475782fe754aaae5e105bc42f6e) Importer(815301076,1909f56bfc062723c751e8b465ee728b)
Start importing Assets/Materials/yield.mat using Guid(2ed36475782fe754aaae5e105bc42f6e) Importer(815301076,1909f56bfc062723c751e8b465ee728b)  -> (artifact id: 'f1b457d8a0c586c5d9e02d5d7100034e') in 0.026938 seconds 
========================================================================
Received Import Request.
  Time since last request: 42.956455 seconds.
  path: Assets/Materials/AgentBlue.mat
  artifactKey: Guid(eb4db50138d6f6b42bc5d2de59e53906) Importer(815301076,1909f56bfc062723c751e8b465ee728b)
Start importing Assets/Materials/AgentBlue.mat using Guid(eb4db50138d6f6b42bc5d2de59e53906) Importer(815301076,1909f56bfc062723c751e8b465ee728b)  -> (artifact id: '2b88ab3a85fe3a566b312fa105c4a9fd') in 0.167863 seconds 
========================================================================
Received Import Request.
  Time since last request: 7.796470 seconds.
  path: Assets/Materials/AgentRed.mat
  artifactKey: Guid(920fd70051e02204692a281b2b25b8dc) Importer(815301076,1909f56bfc062723c751e8b465ee728b)
Start importing Assets/Materials/AgentRed.mat using Guid(920fd70051e02204692a281b2b25b8dc) Importer(815301076,1909f56bfc062723c751e8b465ee728b)  -> (artifact id: '6e559ad1074aced071f030d0551b495e') in 0.007477 seconds 
========================================================================
Received Import Request.
  Time since last request: 96.811339 seconds.
  path: Assets/Materials/Eye.mat
  artifactKey: Guid(28a3a696e86f6934f8a5888d1f027940) Importer(815301076,1909f56bfc062723c751e8b465ee728b)
Start importing Assets/Materials/Eye.mat using Guid(28a3a696e86f6934f8a5888d1f027940) Importer(815301076,1909f56bfc062723c751e8b465ee728b)  -> (artifact id: '7f97845b4d16033cad778992aa9248b3') in 0.148434 seconds 
========================================================================
Received Import Request.
  Time since last request: 101.930325 seconds.
  path: Assets/Materials/AgentRed.mat
  artifactKey: Guid(920fd70051e02204692a281b2b25b8dc) Importer(815301076,1909f56bfc062723c751e8b465ee728b)
Start importing Assets/Materials/AgentRed.mat using Guid(920fd70051e02204692a281b2b25b8dc) Importer(815301076,1909f56bfc062723c751e8b465ee728b)  -> (artifact id: 'd3ed9b3b8102932bc5b388adada2c4bc') in 0.008152 seconds 
========================================================================
Received Import Request.
  Time since last request: 1.744652 seconds.
  path: Assets/Prefabs/AgentCube_Blue.prefab
  artifactKey: Guid(293a815da0d20de43a18a2fa8821c836) Importer(815301076,1909f56bfc062723c751e8b465ee728b)
Start importing Assets/Prefabs/AgentCube_Blue.prefab using Guid(293a815da0d20de43a18a2fa8821c836) Importer(815301076,1909f56bfc062723c751e8b465ee728b)  -> (artifact id: '7dc8099df981ff1a92be1dc30c4a1755') in 0.069457 seconds 
========================================================================
Received Import Request.
  Time since last request: 8.351523 seconds.
  path: Assets/Prefabs/AgentCube_Red.prefab
  artifactKey: Guid(10021023e82c9064385637fbe3ec1667) Importer(815301076,1909f56bfc062723c751e8b465ee728b)
Start importing Assets/Prefabs/AgentCube_Red.prefab using Guid(10021023e82c9064385637fbe3ec1667) Importer(815301076,1909f56bfc062723c751e8b465ee728b)  -> (artifact id: 'acd1c2a66ee2646e5fb58094f790bef1') in 0.006998 seconds 
========================================================================
Received Import Request.
  Time since last request: 46.224029 seconds.
  path: Assets/Prefabs/AgentCube_Red.prefab
  artifactKey: Guid(10021023e82c9064385637fbe3ec1667) Importer(815301076,1909f56bfc062723c751e8b465ee728b)
Start importing Assets/Prefabs/AgentCube_Red.prefab using Guid(10021023e82c9064385637fbe3ec1667) Importer(815301076,1909f56bfc062723c751e8b465ee728b)  -> (artifact id: '294e3a7f95d5638cf83473719615b01e') in 0.007781 seconds 
========================================================================
Received Import Request.
  Time since last request: 5.164410 seconds.
  path: Assets/Prefabs/AgentCube_Blue.prefab
  artifactKey: Guid(293a815da0d20de43a18a2fa8821c836) Importer(815301076,1909f56bfc062723c751e8b465ee728b)
Start importing Assets/Prefabs/AgentCube_Blue.prefab using Guid(293a815da0d20de43a18a2fa8821c836) Importer(815301076,1909f56bfc062723c751e8b465ee728b)  -> (artifact id: '3d08da697e3c0058015c6256bf6e1776') in 0.010194 seconds 
========================================================================
Received Import Request.
  Time since last request: 13.909406 seconds.
  path: Assets/Prefabs/AgentCube_Blue.prefab
  artifactKey: Guid(293a815da0d20de43a18a2fa8821c836) Importer(815301076,1909f56bfc062723c751e8b465ee728b)
Start importing Assets/Prefabs/AgentCube_Blue.prefab using Guid(293a815da0d20de43a18a2fa8821c836) Importer(815301076,1909f56bfc062723c751e8b465ee728b)  -> (artifact id: 'd602ab0c2471ffb72ab203763503fd3f') in 0.014461 seconds 
========================================================================
Received Import Request.
  Time since last request: 31.005808 seconds.
  path: Assets/Prefabs/AgentCube_Blue.prefab
  artifactKey: Guid(293a815da0d20de43a18a2fa8821c836) Importer(815301076,1909f56bfc062723c751e8b465ee728b)
Start importing Assets/Prefabs/AgentCube_Blue.prefab using Guid(293a815da0d20de43a18a2fa8821c836) Importer(815301076,1909f56bfc062723c751e8b465ee728b)  -> (artifact id: '32b2b011ed8e1c7f054b6ce1433e3eb0') in 0.010662 seconds 
========================================================================
Received Import Request.
  Time since last request: 3.606574 seconds.
  path: Assets/Prefabs/AgentCube_Blue.prefab
  artifactKey: Guid(293a815da0d20de43a18a2fa8821c836) Importer(815301076,1909f56bfc062723c751e8b465ee728b)
Start importing Assets/Prefabs/AgentCube_Blue.prefab using Guid(293a815da0d20de43a18a2fa8821c836) Importer(815301076,1909f56bfc062723c751e8b465ee728b)  -> (artifact id: '5275d0e38b0c92a10c39fe821bbe43ff') in 0.006715 seconds 
